<?xml version="1.0" encoding="utf-8"?><testsuites name="pytest tests"><testsuite name="pytest" errors="0" failures="0" skipped="0" tests="128" time="103.519" timestamp="2026-02-19T19:51:08.146211-05:00" hostname="Likhitha"><properties>
[...]
</properties><testcase classname="tests.test_property_based.TestVRPropertyBased" name="test_vr_always_bounded" time="6.448" /><testcase classname="tests.test_property_based.TestVRPropertyBased" name="test_higher_scores_increase_vr" time="9.767" /><testcase classname="tests.test_property_based.TestVRPropertyBased" name="test_talent_concentration_penalty" time="6.568" /><testcase classname="tests.test_property_based.TestVRPropertyBased" name="test_uniform_dimensions_no_cv_penalty" time="4.043" /><testcase classname="tests.test_property_based.TestVRPropertyBased" name="test_deterministic" time="10.967" /><testcase classname="tests.test_property_based.TestEvidenceMapperPropertyBased" name="test_all_dimensions_returned" time="9.295" /><testcase classname="tests.test_property_based.TestEvidenceMapperPropertyBased" name="test_more_evidence_higher_confidence" time="7.777" /><testcase classname="tests.test_property_based.TestSynergyPropertyBased" name="test_synergy_always_bounded" time="4.236" /><testcase classname="tests.test_property_based.TestSynergyPropertyBased" name="test_synergy_zero_when_either_is_zero" time="4.059" /><testcase classname="tests.test_property_based.TestSynergyPropertyBased" name="test_synergy_deterministic" time="4.443" /><testcase classname="tests.test_property_based.TestConfidencePropertyBased" name="test_ci_always_valid_range" time="3.158" /><testcase classname="tests.test_property_based.TestConfidencePropertyBased" name="test_more_evidence_higher_reliability" time="3.442" /><testcase classname="tests.test_property_based.TestConfidencePropertyBased" name="test_confidence_deterministic" time="3.502" /><testcase classname="tests.test_property_based.TestOrgAIRPropertyBased" name="test_orgair_always_bounded" time="3.454" /><testcase classname="tests.test_property_based.TestOrgAIRPropertyBased" name="test_orgair_monotone_with_vr" time="4.096" /><testcase classname="tests.test_property_based.TestOrgAIRPropertyBased" name="test_orgair_deterministic" time="4.303" /><testcase classname="tests.test_evidence_mapper.TestEvidenceMapper" name="test_all_seven_dimensions_returned" time="0.004" /><testcase classname="tests.test_evidence_mapper.TestEvidenceMapper" name="test_weighted_contribution" time="0.009" /><testcase classname="tests.test_evidence_mapper.TestRubricScorer" name="test_leadership_level_3" time="0.004" /><testcase classname="tests.test_evidence_mapper.TestRubricScorer" name="test_score_all_dimensions" time="0.009" /><testcase classname="tests.test_evidence_mapper.TestCS2Integration" name="test_convert_cs2_signal_to_evidence_score" time="0.006" /><testcase classname="tests.test_evidence_mapper.TestCS2Integration" name="test_full_pipeline_example" time="0.004" /><testcase classname="tests.test_models.TestDimensionEnum" name="test_all_dimensions_exist" time="0.004" /><testcase classname="tests.test_models.TestDimensionEnum" name="test_dimension_count" time="0.003" /><testcase classname="tests.test_models.TestAssessmentTypeEnum" name="test_all_assessment_types_exist" time="0.005" /><testcase classname="tests.test_models.TestAssessmentTypeEnum" name="test_assessment_type_count" time="0.003" /><testcase classname="tests.test_models.TestAssessmentStatusEnum" name="test_all_statuses_exist" time="0.005" /><testcase classname="tests.test_models.TestAssessmentStatusEnum" name="test_status_count" time="0.003" /><testcase classname="tests.test_models.TestDimensionWeights" name="test_weights_sum_to_one" time="0.004" /><testcase classname="tests.test_models.TestDimensionWeights" name="test_all_dimensions_have_weights" time="0.007" /><testcase classname="tests.test_models.TestDimensionWeights" name="test_weights_are_valid_range" time="0.004" /><testcase classname="tests.test_models.TestDimensionWeights" name="test_expected_weight_values" time="0.003" /><testcase classname="tests.test_models.TestDimensionScoreCreate" name="test_valid_dimension_score" time="0.015" /><testcase classname="tests.test_models.TestDimensionScoreCreate" name="test_valid_minimal_dimension_score" time="0.009" /><testcase classname="tests.test_models.TestDimensionScoreCreate" name="test_auto_weight_assignment" time="0.004" /><testcase classname="tests.test_models.TestDimensionScoreCreate" name="test_invalid_score_too_high" time="0.015" /><testcase classname="tests.test_models.TestDimensionScoreCreate" name="test_invalid_score_negative" time="0.003" /><testcase classname="tests.test_models.TestDimensionScoreCreate" name="test_invalid_weight_too_high" time="0.005" /><testcase classname="tests.test_models.TestDimensionScoreCreate" name="test_invalid_confidence_too_high" time="0.008" /><testcase classname="tests.test_models.TestDimensionScoreCreate" name="test_invalid_dimension_value" time="0.003" /><testcase classname="tests.test_models.TestDimensionScoreCreate" name="test_score_boundary_zero" time="0.004" /><testcase classname="tests.test_models.TestDimensionScoreCreate" name="test_score_boundary_hundred" time="0.003" /><testcase classname="tests.test_models.TestDimensionScoreUpdate" name="test_valid_partial_update" time="0.007" /><testcase classname="tests.test_models.TestDimensionScoreUpdate" name="test_invalid_update_score_too_high" time="0.006" /><testcase classname="tests.test_models.TestDimensionScoreUpdate" name="test_empty_update_allowed" time="0.003" /><testcase classname="tests.test_models.TestAllDimensionTypes" name="test_each_dimension_auto_weight[data_infrastructure-0.25]" time="0.004" /><testcase classname="tests.test_models.TestAllDimensionTypes" name="test_each_dimension_auto_weight[ai_governance-0.2]" time="0.005" /><testcase classname="tests.test_models.TestAllDimensionTypes" name="test_each_dimension_auto_weight[technology_stack-0.15]" time="0.019" /><testcase classname="tests.test_models.TestAllDimensionTypes" name="test_each_dimension_auto_weight[talent_skills-0.15]" time="0.006" /><testcase classname="tests.test_models.TestAllDimensionTypes" name="test_each_dimension_auto_weight[leadership_vision-0.1]" time="0.003" /><testcase classname="tests.test_models.TestAllDimensionTypes" name="test_each_dimension_auto_weight[use_case_portfolio-0.1]" time="0.004" /><testcase classname="tests.test_models.TestAllDimensionTypes" name="test_each_dimension_auto_weight[culture_change-0.05]" time="0.008" /><testcase classname="tests.test_models.TestIndustryCreate" name="test_valid_industry" time="0.006" /><testcase classname="tests.test_models.TestIndustryCreate" name="test_invalid_h_r_base_too_high" time="0.004" /><testcase classname="tests.test_models.TestIndustryCreate" name="test_invalid_h_r_base_negative" time="0.005" /><testcase classname="tests.test_models.TestIndustryCreate" name="test_invalid_empty_name" time="0.005" /><testcase classname="tests.test_models.TestIndustryCreate" name="test_h_r_base_boundary_zero" time="0.003" /><testcase classname="tests.test_models.TestIndustryCreate" name="test_h_r_base_boundary_hundred" time="0.005" /><testcase classname="tests.test_models.TestIndustryCreate" name="test_name_max_length" time="0.003" /><testcase classname="tests.test_models.TestIndustryResponse" name="test_response_includes_id_and_timestamp" time="0.006" /><testcase classname="tests.test_models.TestCompanyCreate" name="test_valid_company" time="0.005" /><testcase classname="tests.test_models.TestCompanyCreate" name="test_ticker_uppercase_conversion" time="0.004" /><testcase classname="tests.test_models.TestCompanyCreate" name="test_invalid_position_factor_too_high" time="0.004" /><testcase classname="tests.test_models.TestCompanyCreate" name="test_invalid_position_factor_too_low" time="0.004" /><testcase classname="tests.test_models.TestCompanyCreate" name="test_position_factor_boundary_positive" time="0.006" /><testcase classname="tests.test_models.TestCompanyCreate" name="test_position_factor_boundary_negative" time="0.002" /><testcase classname="tests.test_models.TestCompanyCreate" name="test_default_position_factor" time="0.006" /><testcase classname="tests.test_models.TestCompanyCreate" name="test_ticker_max_length" time="0.006" /><testcase classname="tests.test_models.TestAssessmentCreate" name="test_valid_assessment" time="0.005" /><testcase classname="tests.test_models.TestAssessmentCreate" name="test_valid_minimal_assessment" time="0.010" /><testcase classname="tests.test_models.TestAssessmentCreate" name="test_invalid_assessment_type" time="0.008" /><testcase classname="tests.test_models.TestAssessmentCreate" name="test_invalid_date_format" time="0.005" /><testcase classname="tests.test_models.TestAssessmentCreate" name="test_all_assessment_types_valid[screening]" time="0.004" /><testcase classname="tests.test_models.TestAssessmentCreate" name="test_all_assessment_types_valid[due_diligence]" time="0.005" /><testcase classname="tests.test_models.TestAssessmentCreate" name="test_all_assessment_types_valid[quarterly]" time="0.010" /><testcase classname="tests.test_models.TestAssessmentCreate" name="test_all_assessment_types_valid[exit_prep]" time="0.005" /><testcase classname="tests.test_models.TestAssessmentResponse" name="test_response_defaults" time="0.007" /><testcase classname="tests.test_models.TestAssessmentResponse" name="test_confidence_interval_validation_valid" time="0.004" /><testcase classname="tests.test_models.TestAssessmentResponse" name="test_confidence_interval_validation_invalid" time="0.006" /><testcase classname="tests.test_models.TestAssessmentResponse" name="test_v_r_score_boundary" time="0.005" /><testcase classname="tests.test_models.TestAssessmentResponse" name="test_v_r_score_invalid_too_high" time="0.005" /><testcase classname="tests.test_models.TestStatusUpdate" name="test_valid_status_update" time="0.011" /><testcase classname="tests.test_models.TestStatusUpdate" name="test_invalid_status" time="0.004" /><testcase classname="tests.test_models.TestStatusUpdate" name="test_all_statuses_valid[draft]" time="0.004" /><testcase classname="tests.test_models.TestStatusUpdate" name="test_all_statuses_valid[in_progress]" time="0.004" /><testcase classname="tests.test_models.TestStatusUpdate" name="test_all_statuses_valid[submitted]" time="0.009" /><testcase classname="tests.test_models.TestStatusUpdate" name="test_all_statuses_valid[approved]" time="0.007" /><testcase classname="tests.test_models.TestStatusUpdate" name="test_all_statuses_valid[superseded]" time="0.004" /><testcase classname="tests.test_signals.TestSignalCategoryEnum" name="test_all_categories_exist" time="0.003" /><testcase classname="tests.test_signals.TestSignalCategoryEnum" name="test_category_count" time="0.004" /><testcase classname="tests.test_signals.TestSignalSourceEnum" name="test_all_sources_exist" time="0.004" /><testcase classname="tests.test_signals.TestSignalSourceEnum" name="test_source_count" time="0.015" /><testcase classname="tests.test_signals.TestExternalSignal" name="test_valid_external_signal" time="0.006" /><testcase classname="tests.test_signals.TestExternalSignal" name="test_signal_default_values" time="0.004" /><testcase classname="tests.test_signals.TestExternalSignal" name="test_invalid_score_too_high" time="0.004" /><testcase classname="tests.test_signals.TestExternalSignal" name="test_invalid_score_negative" time="0.007" /><testcase classname="tests.test_signals.TestExternalSignal" name="test_invalid_confidence_too_high" time="0.005" /><testcase classname="tests.test_signals.TestExternalSignal" name="test_score_boundary_zero" time="0.004" /><testcase classname="tests.test_signals.TestExternalSignal" name="test_score_boundary_hundred" time="0.006" /><testcase classname="tests.test_signals.TestJobPosting" name="test_valid_job_posting" time="0.009" /><testcase classname="tests.test_signals.TestJobPosting" name="test_job_posting_defaults" time="0.009" /><testcase classname="tests.test_signals.TestJobPosting" name="test_invalid_ai_score_too_high" time="0.003" /><testcase classname="tests.test_signals.TestPatent" name="test_valid_patent" time="0.007" /><testcase classname="tests.test_signals.TestPatent" name="test_patent_defaults" time="0.005" /><testcase classname="tests.test_signals.TestPatent" name="test_invalid_ai_score_negative" time="0.006" /><testcase classname="tests.test_signals.TestJobScoreBreakdown" name="test_valid_breakdown" time="0.003" /><testcase classname="tests.test_signals.TestJobScoreBreakdown" name="test_invalid_ratio_score_too_high" time="0.003" /><testcase classname="tests.test_signals.TestJobScoreBreakdown" name="test_invalid_volume_bonus_too_high" time="0.003" /><testcase classname="tests.test_signals.TestJobScoreBreakdown" name="test_boundary_values" time="0.003" /><testcase classname="tests.test_signals.TestJobAnalysisResult" name="test_valid_result" time="0.003" /><testcase classname="tests.test_signals.TestJobAnalysisResult" name="test_invalid_negative_jobs" time="0.003" /><testcase classname="tests.test_signals.TestTechScoreBreakdown" name="test_valid_breakdown" time="0.006" /><testcase classname="tests.test_signals.TestTechScoreBreakdown" name="test_invalid_base_score_too_high" time="0.005" /><testcase classname="tests.test_signals.TestPatentScoreBreakdown" name="test_valid_breakdown" time="0.006" /><testcase classname="tests.test_signals.TestPatentScoreBreakdown" name="test_invalid_recency_score_too_high" time="0.002" /><testcase classname="tests.test_signals.TestLeadershipScoreBreakdown" name="test_valid_breakdown" time="0.006" /><testcase classname="tests.test_signals.TestLeadershipScoreBreakdown" name="test_invalid_tech_exec_score_too_high" time="0.002" /><testcase classname="tests.test_signals.TestLeadershipScoreBreakdown" name="test_invalid_board_tech_score_too_high" time="0.008" /><testcase classname="tests.test_signals.TestJobPostingResponse" name="test_valid_response" time="0.008" /><testcase classname="tests.test_signals.TestPatentResponse" name="test_valid_response" time="0.008" /><testcase classname="tests.test_signals.TestSignalCollectRequest" name="test_valid_request" time="0.004" /><testcase classname="tests.test_signals.TestSignalCollectRequest" name="test_default_values" time="0.003" /><testcase classname="tests.test_signals.TestSignalCollectRequest" name="test_invalid_years_too_high" time="0.012" /><testcase classname="tests.test_signals.TestSignalCollectRequest" name="test_invalid_years_too_low" time="0.007" /><testcase classname="tests.test_signals.TestSignalScoresResponse" name="test_valid_response" time="0.003" /><testcase classname="tests.test_signals.TestSignalScoresResponse" name="test_invalid_score_out_of_range" time="0.003" /><testcase classname="tests.test_signals.TestCombinedAnalysisResponse" name="test_valid_response" time="0.002" /><testcase classname="tests.test_signals.TestCombinedAnalysisResponse" name="test_partial_response" time="0.003" /></testsuite></testsuites>